<?xml version="1.0" encoding="UTF-8"?>
<!-- Generated by org.testng.reporters.JUnitReportReporter -->
<testsuite hostname="KN-ASZYMANSK-02" name="testNG.Jenkins_test.Sample" tests="1" failures="0" timestamp="19 May 2015 09:10:58 GMT" time="5.352" errors="0">
  <testcase name="f" time="5.352" classname="testNG.Jenkins_test.Sample"/>
</testsuite> <!-- testNG.Jenkins_test.Sample -->
