<?xml version="1.0" encoding="UTF-8"?>
<!-- Generated by org.testng.reporters.JUnitReportReporter -->
<testsuite hostname="KN-ASZYMANSK-02" name="testNG.testNG_example.sample" tests="2" failures="0" timestamp="14 May 2015 08:40:15 GMT" time="68.803" errors="0">
  <testcase name="test2" time="35.625" classname="testNG.testNG_example.sample"/>
  <testcase name="test1" time="33.178" classname="testNG.testNG_example.sample"/>
</testsuite> <!-- testNG.testNG_example.sample -->
