<?xml version="1.0" encoding="UTF-8"?>
<!-- Generated by org.testng.reporters.JUnitReportReporter -->
<testsuite hostname="KN-ASZYMANSK-02" name="testNG.Air_Canada.Test_Case_1" tests="1" failures="0" timestamp="14 May 2015 12:15:34 GMT" time="30.608" errors="0">
  <testcase name="test2" time="30.608" classname="testNG.Air_Canada.Test_Case_1"/>
</testsuite> <!-- testNG.Air_Canada.Test_Case_1 -->
