<?xml version="1.0" encoding="UTF-8"?>
<!-- Generated by org.testng.reporters.JUnitReportReporter -->
<testsuite hostname="KN-ASZYMANSK-02" name="testNG.Air_Canada.Test_Case_2" tests="1" failures="0" timestamp="14 May 2015 11:56:28 GMT" time="28.894" errors="0">
  <testcase name="test2" time="28.894" classname="testNG.Air_Canada.Test_Case_2"/>
</testsuite> <!-- testNG.Air_Canada.Test_Case_2 -->
